[ 2017-10-23T21:18:48+08:00 ] 103.230.202.8 /tel/index.php?s=/Index/getAllDataByCategory
INFO: [ route_check ] --START--
INFO: CheckRoute Behavior ::run [ RunTime:0.000844s ]
INFO: [ route_check ] --END-- [ RunTime:0.001024s ]
INFO: [ app_begin ] --START--
INFO: ReadHtmlCache Behavior ::run [ RunTime:0.000607s ]
INFO: [ app_begin ] --END-- [ RunTime:0.000677s ]
NOTIC: [2] session_start() [<a href='function.session-start'>function.session-start</a>]: Cannot send session cookie - headers already sent by (output started at /data/home/qxu1650190128/htdocs/tel/home/Conf/config.php:1) /data/home/qxu1650190128/htdocs/tel/ThinkPHP/Common/functions.php Á¨¨ 566 Ë°å.
NOTIC: [2] session_start() [<a href='function.session-start'>function.session-start</a>]: Cannot send session cache limiter - headers already sent (output started at /data/home/qxu1650190128/htdocs/tel/home/Conf/config.php:1) /data/home/qxu1650190128/htdocs/tel/ThinkPHP/Common/functions.php Á¨¨ 566 Ë°å.
NOTIC: Âª∫ËÆÆ‰ΩøÁî®IÊñπÊ≥ïÊõø‰ª£_post
SQL: SHOW COLUMNS FROM `t_category_table` [ RunTime:0.001183s ]
SQL: SELECT COUNT(*) AS tp_count FROM `t_category_table` WHERE ( `category` = 'Âø´ÈÄíÁâ©Êµ\Å' ) LIMIT 1   [ RunTime:0.000748s ]
SQL: SELECT * FROM `t_category_table` WHERE ( `category` = 'Âø´ÈÄíÁâ©Êµ\Å' ) LIMIT 1   [ RunTime:0.000755s ]
SQL: UPDATE `t_category_table` SET `total`=10131 WHERE ( `category` = 'Âø´ÈÄíÁâ©Êµ\Å' ) [ RunTime:0.004683s ]
SQL: SHOW COLUMNS FROM `t_seller_table` [ RunTime:0.001420s ]
SQL: SELECT * FROM `t_seller_table` WHERE ( `category` = 'Âø´ÈÄíÁâ©Êµ\Å' ) AND ( `status` = 1 ) ORDER BY `sortCode` DESC  [ RunTime:0.004097s ]

[ 2017-10-23T23:27:33+08:00 ] 221.122.179.200 /tel/
INFO: [ app_begin ] --START--
INFO: ReadHtmlCache Behavior ::run [ RunTime:0.000631s ]
INFO: [ app_begin ] --END-- [ RunTime:0.000799s ]
NOTIC: [2] session_start() [<a href='function.session-start'>function.session-start</a>]: Cannot send session cookie - headers already sent by (output started at /data/home/qxu1650190128/htdocs/tel/home/Conf/config.php:1) /data/home/qxu1650190128/htdocs/tel/ThinkPHP/Common/functions.php Á¨¨ 566 Ë°å.
NOTIC: [2] session_start() [<a href='function.session-start'>function.session-start</a>]: Cannot send session cache limiter - headers already sent (output started at /data/home/qxu1650190128/htdocs/tel/home/Conf/config.php:1) /data/home/qxu1650190128/htdocs/tel/ThinkPHP/Common/functions.php Á¨¨ 566 Ë°å.
INFO: [ view_parse ] --START--
INFO: ParseTemplate Behavior ::run [ RunTime:0.012970s ]
INFO: [ view_parse ] --END-- [ RunTime:0.013064s ]
INFO: [ view_filter ] --START--
INFO: ContentReplace Behavior ::run [ RunTime:0.000616s ]
INFO: TokenBuild Behavior ::run [ RunTime:0.000437s ]
INFO: WriteHtmlCache Behavior ::run [ RunTime:0.000310s ]
INFO: ShowRuntime Behavior ::run [ RunTime:0.000533s ]
INFO: [ view_filter ] --END-- [ RunTime:0.002112s ]
NOTIC: [2] Cannot modify header information - headers already sent by (output started at /data/home/qxu1650190128/htdocs/tel/home/Conf/config.php:1) /data/home/qxu1650190128/htdocs/tel/ThinkPHP/Lib/Core/View.class.php Á¨¨ 95 Ë°å.
NOTIC: [2] Cannot modify header information - headers already sent by (output started at /data/home/qxu1650190128/htdocs/tel/home/Conf/config.php:1) /data/home/qxu1650190128/htdocs/tel/ThinkPHP/Lib/Core/View.class.php Á¨¨ 96 Ë°å.
NOTIC: [2] Cannot modify header information - headers already sent by (output started at /data/home/qxu1650190128/htdocs/tel/home/Conf/config.php:1) /data/home/qxu1650190128/htdocs/tel/ThinkPHP/Lib/Core/View.class.php Á¨¨ 97 Ë°å.
INFO: [ view_end ] --START--
INFO: ShowPageTrace Behavior ::run [ RunTime:0.000631s ]
INFO: [ view_end ] --END-- [ RunTime:0.000693s ]

[ 2017-10-23T23:57:15+08:00 ] 111.126.185.103 /tel/
INFO: [ app_begin ] --START--
INFO: ReadHtmlCache Behavior ::run [ RunTime:0.000585s ]
INFO: [ app_begin ] --END-- [ RunTime:0.000757s ]
NOTIC: [2] session_start() [<a href='function.session-start'>function.session-start</a>]: Cannot send session cookie - headers already sent by (output started at /data/home/qxu1650190128/htdocs/tel/home/Conf/config.php:1) /data/home/qxu1650190128/htdocs/tel/ThinkPHP/Common/functions.php Á¨¨ 566 Ë°å.
NOTIC: [2] session_start() [<a href='function.session-start'>function.session-start</a>]: Cannot send session cache limiter - headers already sent (output started at /data/home/qxu1650190128/htdocs/tel/home/Conf/config.php:1) /data/home/qxu1650190128/htdocs/tel/ThinkPHP/Common/functions.php Á¨¨ 566 Ë°å.
INFO: [ view_parse ] --START--
INFO: ParseTemplate Behavior ::run [ RunTime:0.013388s ]
INFO: [ view_parse ] --END-- [ RunTime:0.013484s ]
INFO: [ view_filter ] --START--
INFO: ContentReplace Behavior ::run [ RunTime:0.000654s ]
INFO: TokenBuild Behavior ::run [ RunTime:0.000416s ]
INFO: WriteHtmlCache Behavior ::run [ RunTime:0.000322s ]
INFO: ShowRuntime Behavior ::run [ RunTime:0.000550s ]
INFO: [ view_filter ] --END-- [ RunTime:0.002139s ]
NOTIC: [2] Cannot modify header information - headers already sent by (output started at /data/home/qxu1650190128/htdocs/tel/home/Conf/config.php:1) /data/home/qxu1650190128/htdocs/tel/ThinkPHP/Lib/Core/View.class.php Á¨¨ 95 Ë°å.
NOTIC: [2] Cannot modify header information - headers already sent by (output started at /data/home/qxu1650190128/htdocs/tel/home/Conf/config.php:1) /data/home/qxu1650190128/htdocs/tel/ThinkPHP/Lib/Core/View.class.php Á¨¨ 96 Ë°å.
NOTIC: [2] Cannot modify header information - headers already sent by (output started at /data/home/qxu1650190128/htdocs/tel/home/Conf/config.php:1) /data/home/qxu1650190128/htdocs/tel/ThinkPHP/Lib/Core/View.class.php Á¨¨ 97 Ë°å.
INFO: [ view_end ] --START--
INFO: ShowPageTrace Behavior ::run [ RunTime:0.000654s ]
INFO: [ view_end ] --END-- [ RunTime:0.000759s ]

[ 2017-10-23T23:57:16+08:00 ] 111.126.185.103 /tel/index.php?s=/Index/getTotal
INFO: [ route_check ] --START--
INFO: CheckRoute Behavior ::run [ RunTime:0.000826s ]
INFO: [ route_check ] --END-- [ RunTime:0.000985s ]
INFO: [ app_begin ] --START--
INFO: ReadHtmlCache Behavior ::run [ RunTime:0.000571s ]
INFO: [ app_begin ] --END-- [ RunTime:0.000639s ]
NOTIC: [2] session_start() [<a href='function.session-start'>function.session-start</a>]: Cannot send session cookie - headers already sent by (output started at /data/home/qxu1650190128/htdocs/tel/home/Conf/config.php:1) /data/home/qxu1650190128/htdocs/tel/ThinkPHP/Common/functions.php Á¨¨ 566 Ë°å.
NOTIC: [2] session_start() [<a href='function.session-start'>function.session-start</a>]: Cannot send session cache limiter - headers already sent (output started at /data/home/qxu1650190128/htdocs/tel/home/Conf/config.php:1) /data/home/qxu1650190128/htdocs/tel/ThinkPHP/Common/functions.php Á¨¨ 566 Ë°å.
SQL: SHOW COLUMNS FROM `t_seller_table` [ RunTime:0.001714s ]
SQL: SELECT COUNT(*) AS tp_count FROM `t_seller_table` LIMIT 1   [ RunTime:0.002314s ]

[ 2017-10-23T23:57:16+08:00 ] 111.126.185.103 /tel/index.php?s=/Index/getAllData4
INFO: [ route_check ] --START--
INFO: CheckRoute Behavior ::run [ RunTime:0.000853s ]
INFO: [ route_check ] --END-- [ RunTime:0.001030s ]
INFO: [ app_begin ] --START--
INFO: ReadHtmlCache Behavior ::run [ RunTime:0.000588s ]
INFO: [ app_begin ] --END-- [ RunTime:0.000656s ]
NOTIC: [2] session_start() [<a href='function.session-start'>function.session-start</a>]: Cannot send session cookie - headers already sent by (output started at /data/home/qxu1650190128/htdocs/tel/home/Conf/config.php:1) /data/home/qxu1650190128/htdocs/tel/ThinkPHP/Common/functions.php Á¨¨ 566 Ë°å.
NOTIC: [2] session_start() [<a href='function.session-start'>function.session-start</a>]: Cannot send session cache limiter - headers already sent (output started at /data/home/qxu1650190128/htdocs/tel/home/Conf/config.php:1) /data/home/qxu1650190128/htdocs/tel/ThinkPHP/Common/functions.php Á¨¨ 566 Ë°å.
SQL: SHOW COLUMNS FROM `t_advert_table` [ RunTime:0.001493s ]
SQL: SELECT * FROM `t_advert_table` ORDER BY `id` DESC  [ RunTime:0.001026s ]

[ 2017-10-23T23:57:16+08:00 ] 111.126.185.103 /tel/index.php?s=/Index/getAllData1
INFO: [ route_check ] --START--
INFO: CheckRoute Behavior ::run [ RunTime:0.002771s ]
INFO: [ route_check ] --END-- [ RunTime:0.003725s ]
INFO: [ app_begin ] --START--
INFO: ReadHtmlCache Behavior ::run [ RunTime:0.002785s ]
INFO: [ app_begin ] --END-- [ RunTime:0.003050s ]
NOTIC: [2] session_start() [<a href='function.session-start'>function.session-start</a>]: Cannot send session cookie - headers already sent by (output started at /data/home/qxu1650190128/htdocs/tel/home/Conf/config.php:1) /data/home/qxu1650190128/htdocs/tel/ThinkPHP/Common/functions.php Á¨¨ 566 Ë°å.
NOTIC: [2] session_start() [<a href='function.session-start'>function.session-start</a>]: Cannot send session cache limiter - headers already sent (output started at /data/home/qxu1650190128/htdocs/tel/home/Conf/config.php:1) /data/home/qxu1650190128/htdocs/tel/ThinkPHP/Common/functions.php Á¨¨ 566 Ë°å.
SQL: SHOW COLUMNS FROM `t_category_table` [ RunTime:0.001371s ]
SQL: SELECT * FROM `t_category_table` ORDER BY `id` DESC  [ RunTime:0.001277s ]

[ 2017-10-23T23:58:05+08:00 ] 111.126.185.103 /tel/index.php?s=/Index/items&keyword=%E5%81%A5%E8%BA%AB%E5%85%BB%E7%94%9F
INFO: [ route_check ] --START--
INFO: CheckRoute Behavior ::run [ RunTime:0.000851s ]
INFO: [ route_check ] --END-- [ RunTime:0.001041s ]
INFO: [ app_begin ] --START--
INFO: ReadHtmlCache Behavior ::run [ RunTime:0.000600s ]
INFO: [ app_begin ] --END-- [ RunTime:0.000676s ]
NOTIC: [2] session_start() [<a href='function.session-start'>function.session-start</a>]: Cannot send session cookie - headers already sent by (output started at /data/home/qxu1650190128/htdocs/tel/home/Conf/config.php:1) /data/home/qxu1650190128/htdocs/tel/ThinkPHP/Common/functions.php Á¨¨ 566 Ë°å.
NOTIC: [2] session_start() [<a href='function.session-start'>function.session-start</a>]: Cannot send session cache limiter - headers already sent (output started at /data/home/qxu1650190128/htdocs/tel/home/Conf/config.php:1) /data/home/qxu1650190128/htdocs/tel/ThinkPHP/Common/functions.php Á¨¨ 566 Ë°å.
NOTIC: Âª∫ËÆÆ‰ΩøÁî®IÊñπÊ≥ïÊõø‰ª£_get
SQL: SHOW COLUMNS FROM `t_category_table` [ RunTime:0.001311s ]
SQL: SELECT * FROM `t_category_table` WHERE ( `category` = 'ÂÅ•Ë∫´ÂÖªÁîü' ) ORDER BY `id` DESC  [ RunTime:0.001059s ]
INFO: [ view_parse ] --START--
INFO: ParseTemplate Behavior ::run [ RunTime:0.011784s ]
INFO: [ view_parse ] --END-- [ RunTime:0.011894s ]
INFO: [ view_filter ] --START--
INFO: ContentReplace Behavior ::run [ RunTime:0.000533s ]
INFO: TokenBuild Behavior ::run [ RunTime:0.000423s ]
INFO: WriteHtmlCache Behavior ::run [ RunTime:0.000313s ]
INFO: ShowRuntime Behavior ::run [ RunTime:0.000508s ]
INFO: [ view_filter ] --END-- [ RunTime:0.001962s ]
NOTIC: [2] Cannot modify header information - headers already sent by (output started at /data/home/qxu1650190128/htdocs/tel/home/Conf/config.php:1) /data/home/qxu1650190128/htdocs/tel/ThinkPHP/Lib/Core/View.class.php Á¨¨ 95 Ë°å.
NOTIC: [2] Cannot modify header information - headers already sent by (output started at /data/home/qxu1650190128/htdocs/tel/home/Conf/config.php:1) /data/home/qxu1650190128/htdocs/tel/ThinkPHP/Lib/Core/View.class.php Á¨¨ 96 Ë°å.
NOTIC: [2] Cannot modify header information - headers already sent by (output started at /data/home/qxu1650190128/htdocs/tel/home/Conf/config.php:1) /data/home/qxu1650190128/htdocs/tel/ThinkPHP/Lib/Core/View.class.php Á¨¨ 97 Ë°å.
INFO: [ view_end ] --START--
INFO: ShowPageTrace Behavior ::run [ RunTime:0.000648s ]
INFO: [ view_end ] --END-- [ RunTime:0.000713s ]

[ 2017-10-23T23:58:05+08:00 ] 111.126.185.103 /tel/index.php?s=/Index/getAllDataByCategory
INFO: [ route_check ] --START--
INFO: CheckRoute Behavior ::run [ RunTime:0.000980s ]
INFO: [ route_check ] --END-- [ RunTime:0.001160s ]
INFO: [ app_begin ] --START--
INFO: ReadHtmlCache Behavior ::run [ RunTime:0.000589s ]
INFO: [ app_begin ] --END-- [ RunTime:0.000661s ]
NOTIC: [2] session_start() [<a href='function.session-start'>function.session-start</a>]: Cannot send session cookie - headers already sent by (output started at /data/home/qxu1650190128/htdocs/tel/home/Conf/config.php:1) /data/home/qxu1650190128/htdocs/tel/ThinkPHP/Common/functions.php Á¨¨ 566 Ë°å.
NOTIC: [2] session_start() [<a href='function.session-start'>function.session-start</a>]: Cannot send session cache limiter - headers already sent (output started at /data/home/qxu1650190128/htdocs/tel/home/Conf/config.php:1) /data/home/qxu1650190128/htdocs/tel/ThinkPHP/Common/functions.php Á¨¨ 566 Ë°å.
NOTIC: Âª∫ËÆÆ‰ΩøÁî®IÊñπÊ≥ïÊõø‰ª£_post
SQL: SHOW COLUMNS FROM `t_category_table` [ RunTime:0.001123s ]
SQL: SELECT COUNT(*) AS tp_count FROM `t_category_table` WHERE ( `category` = 'ÂÅ•Ë∫´ÂÖªÁîü' ) LIMIT 1   [ RunTime:0.000803s ]
SQL: SELECT * FROM `t_category_table` WHERE ( `category` = 'ÂÅ•Ë∫´ÂÖªÁîü' ) LIMIT 1   [ RunTime:0.000767s ]
SQL: UPDATE `t_category_table` SET `total`=1681 WHERE ( `category` = 'ÂÅ•Ë∫´ÂÖªÁîü' ) [ RunTime:0.011112s ]
SQL: SHOW COLUMNS FROM `t_seller_table` [ RunTime:0.001302s ]
SQL: SELECT * FROM `t_seller_table` WHERE ( `category` = 'ÂÅ•Ë∫´ÂÖªÁîü' ) AND ( `status` = 1 ) ORDER BY `sortCode` DESC  [ RunTime:0.003953s ]

[ 2017-10-23T23:59:15+08:00 ] 111.126.185.103 /tel/index.php?s=/Index/teldetail&id=857
INFO: [ route_check ] --START--
INFO: CheckRoute Behavior ::run [ RunTime:0.000979s ]
INFO: [ route_check ] --END-- [ RunTime:0.001179s ]
INFO: [ app_begin ] --START--
INFO: ReadHtmlCache Behavior ::run [ RunTime:0.000612s ]
INFO: [ app_begin ] --END-- [ RunTime:0.000707s ]
NOTIC: [2] session_start() [<a href='function.session-start'>function.session-start</a>]: Cannot send session cookie - headers already sent by (output started at /data/home/qxu1650190128/htdocs/tel/home/Conf/config.php:1) /data/home/qxu1650190128/htdocs/tel/ThinkPHP/Common/functions.php Á¨¨ 566 Ë°å.
NOTIC: [2] session_start() [<a href='function.session-start'>function.session-start</a>]: Cannot send session cache limiter - headers already sent (output started at /data/home/qxu1650190128/htdocs/tel/home/Conf/config.php:1) /data/home/qxu1650190128/htdocs/tel/ThinkPHP/Common/functions.php Á¨¨ 566 Ë°å.
NOTIC: Âª∫ËÆÆ‰ΩøÁî®IÊñπÊ≥ïÊõø‰ª£_get
SQL: SHOW COLUMNS FROM `t_seller_table` [ RunTime:0.001545s ]
SQL: SELECT * FROM `t_seller_table` WHERE ( `id` = 857 ) ORDER BY `id` DESC  [ RunTime:0.000961s ]
INFO: [ view_parse ] --START--
NOTIC: [8] Undefined index:  desc /data/home/qxu1650190128/htdocs/tel/home/Runtime/Cache/8bb56396e25655f3d5b08178c02f6a6d.php Á¨¨ 100 Ë°å.
INFO: ParseTemplate Behavior ::run [ RunTime:0.010152s ]
INFO: [ view_parse ] --END-- [ RunTime:0.010222s ]
INFO: [ view_filter ] --START--
INFO: ContentReplace Behavior ::run [ RunTime:0.000473s ]
INFO: TokenBuild Behavior ::run [ RunTime:0.000436s ]
INFO: WriteHtmlCache Behavior ::run [ RunTime:0.000357s ]
INFO: ShowRuntime Behavior ::run [ RunTime:0.000500s ]
INFO: [ view_filter ] --END-- [ RunTime:0.001947s ]
NOTIC: [2] Cannot modify header information - headers already sent by (output started at /data/home/qxu1650190128/htdocs/tel/home/Conf/config.php:1) /data/home/qxu1650190128/htdocs/tel/ThinkPHP/Lib/Core/View.class.php Á¨¨ 95 Ë°å.
NOTIC: [2] Cannot modify header information - headers already sent by (output started at /data/home/qxu1650190128/htdocs/tel/home/Conf/config.php:1) /data/home/qxu1650190128/htdocs/tel/ThinkPHP/Lib/Core/View.class.php Á¨¨ 96 Ë°å.
NOTIC: [2] Cannot modify header information - headers already sent by (output started at /data/home/qxu1650190128/htdocs/tel/home/Conf/config.php:1) /data/home/qxu1650190128/htdocs/tel/ThinkPHP/Lib/Core/View.class.php Á¨¨ 97 Ë°å.
INFO: [ view_end ] --START--
INFO: ShowPageTrace Behavior ::run [ RunTime:0.000632s ]
INFO: [ view_end ] --END-- [ RunTime:0.000697s ]

[ 2017-10-23T23:59:23+08:00 ] 111.126.185.103 /tel/index.php?s=/Index/getAllDataByCategory
INFO: [ route_check ] --START--
INFO: CheckRoute Behavior ::run [ RunTime:0.000948s ]
INFO: [ route_check ] --END-- [ RunTime:0.001140s ]
INFO: [ app_begin ] --START--
INFO: ReadHtmlCache Behavior ::run [ RunTime:0.000596s ]
INFO: [ app_begin ] --END-- [ RunTime:0.000666s ]
NOTIC: [2] session_start() [<a href='function.session-start'>function.session-start</a>]: Cannot send session cookie - headers already sent by (output started at /data/home/qxu1650190128/htdocs/tel/home/Conf/config.php:1) /data/home/qxu1650190128/htdocs/tel/ThinkPHP/Common/functions.php Á¨¨ 566 Ë°å.
NOTIC: [2] session_start() [<a href='function.session-start'>function.session-start</a>]: Cannot send session cache limiter - headers already sent (output started at /data/home/qxu1650190128/htdocs/tel/home/Conf/config.php:1) /data/home/qxu1650190128/htdocs/tel/ThinkPHP/Common/functions.php Á¨¨ 566 Ë°å.
NOTIC: Âª∫ËÆÆ‰ΩøÁî®IÊñπÊ≥ïÊõø‰ª£_post
SQL: SHOW COLUMNS FROM `t_category_table` [ RunTime:0.001211s ]
SQL: SELECT COUNT(*) AS tp_count FROM `t_category_table` WHERE ( `category` = 'ÂÅ•Ë∫´ÂÖªÁîü' ) LIMIT 1   [ RunTime:0.000905s ]
SQL: SELECT * FROM `t_category_table` WHERE ( `category` = 'ÂÅ•Ë∫´ÂÖªÁîü' ) LIMIT 1   [ RunTime:0.000810s ]
SQL: UPDATE `t_category_table` SET `total`=1682 WHERE ( `category` = 'ÂÅ•Ë∫´ÂÖªÁîü' ) [ RunTime:0.032447s ]
SQL: SHOW COLUMNS FROM `t_seller_table` [ RunTime:0.001363s ]
SQL: SELECT * FROM `t_seller_table` WHERE ( `category` = 'ÂÅ•Ë∫´ÂÖªÁîü' ) AND ( `status` = 1 ) ORDER BY `sortCode` DESC  [ RunTime:0.002042s ]

[ 2017-10-23T23:59:26+08:00 ] 111.126.185.103 /tel/index.php?s=/Index/getTotal
INFO: [ route_check ] --START--
INFO: CheckRoute Behavior ::run [ RunTime:0.000858s ]
INFO: [ route_check ] --END-- [ RunTime:0.001014s ]
INFO: [ app_begin ] --START--
INFO: ReadHtmlCache Behavior ::run [ RunTime:0.000646s ]
INFO: [ app_begin ] --END-- [ RunTime:0.000713s ]
NOTIC: [2] session_start() [<a href='function.session-start'>function.session-start</a>]: Cannot send session cookie - headers already sent by (output started at /data/home/qxu1650190128/htdocs/tel/home/Conf/config.php:1) /data/home/qxu1650190128/htdocs/tel/ThinkPHP/Common/functions.php Á¨¨ 566 Ë°å.
NOTIC: [2] session_start() [<a href='function.session-start'>function.session-start</a>]: Cannot send session cache limiter - headers already sent (output started at /data/home/qxu1650190128/htdocs/tel/home/Conf/config.php:1) /data/home/qxu1650190128/htdocs/tel/ThinkPHP/Common/functions.php Á¨¨ 566 Ë°å.
SQL: SHOW COLUMNS FROM `t_seller_table` [ RunTime:0.001716s ]
SQL: SELECT COUNT(*) AS tp_count FROM `t_seller_table` LIMIT 1   [ RunTime:0.000685s ]

[ 2017-10-23T23:59:26+08:00 ] 111.126.185.103 /tel/index.php?s=/Index/getAllData4
INFO: [ route_check ] --START--
INFO: CheckRoute Behavior ::run [ RunTime:0.000844s ]
INFO: [ route_check ] --END-- [ RunTime:0.001017s ]
INFO: [ app_begin ] --START--
INFO: ReadHtmlCache Behavior ::run [ RunTime:0.000653s ]
INFO: [ app_begin ] --END-- [ RunTime:0.000722s ]
NOTIC: [2] session_start() [<a href='function.session-start'>function.session-start</a>]: Cannot send session cookie - headers already sent by (output started at /data/home/qxu1650190128/htdocs/tel/home/Conf/config.php:1) /data/home/qxu1650190128/htdocs/tel/ThinkPHP/Common/functions.php Á¨¨ 566 Ë°å.
NOTIC: [2] session_start() [<a href='function.session-start'>function.session-start</a>]: Cannot send session cache limiter - headers already sent (output started at /data/home/qxu1650190128/htdocs/tel/home/Conf/config.php:1) /data/home/qxu1650190128/htdocs/tel/ThinkPHP/Common/functions.php Á¨¨ 566 Ë°å.
SQL: SHOW COLUMNS FROM `t_advert_table` [ RunTime:0.001415s ]
SQL: SELECT * FROM `t_advert_table` ORDER BY `id` DESC  [ RunTime:0.000752s ]

[ 2017-10-23T23:59:27+08:00 ] 111.126.185.103 /tel/index.php?s=/Index/getAllData1
INFO: [ route_check ] --START--
INFO: CheckRoute Behavior ::run [ RunTime:0.000840s ]
INFO: [ route_check ] --END-- [ RunTime:0.000993s ]
INFO: [ app_begin ] --START--
INFO: ReadHtmlCache Behavior ::run [ RunTime:0.000615s ]
INFO: [ app_begin ] --END-- [ RunTime:0.000685s ]
NOTIC: [2] session_start() [<a href='function.session-start'>function.session-start</a>]: Cannot send session cookie - headers already sent by (output started at /data/home/qxu1650190128/htdocs/tel/home/Conf/config.php:1) /data/home/qxu1650190128/htdocs/tel/ThinkPHP/Common/functions.php Á¨¨ 566 Ë°å.
NOTIC: [2] session_start() [<a href='function.session-start'>function.session-start</a>]: Cannot send session cache limiter - headers already sent (output started at /data/home/qxu1650190128/htdocs/tel/home/Conf/config.php:1) /data/home/qxu1650190128/htdocs/tel/ThinkPHP/Common/functions.php Á¨¨ 566 Ë°å.
SQL: SHOW COLUMNS FROM `t_category_table` [ RunTime:0.001275s ]
SQL: SELECT * FROM `t_category_table` ORDER BY `id` DESC  [ RunTime:0.000974s ]

[ 2017-10-23T23:59:36+08:00 ] 111.126.185.103 /tel/index.php?s=/Index/reply
INFO: [ route_check ] --START--
INFO: CheckRoute Behavior ::run [ RunTime:0.000834s ]
INFO: [ route_check ] --END-- [ RunTime:0.000980s ]
INFO: [ app_begin ] --START--
INFO: ReadHtmlCache Behavior ::run [ RunTime:0.000576s ]
INFO: [ app_begin ] --END-- [ RunTime:0.000655s ]
NOTIC: [2] session_start() [<a href='function.session-start'>function.session-start</a>]: Cannot send session cookie - headers already sent by (output started at /data/home/qxu1650190128/htdocs/tel/home/Conf/config.php:1) /data/home/qxu1650190128/htdocs/tel/ThinkPHP/Common/functions.php Á¨¨ 566 Ë°å.
NOTIC: [2] session_start() [<a href='function.session-start'>function.session-start</a>]: Cannot send session cache limiter - headers already sent (output started at /data/home/qxu1650190128/htdocs/tel/home/Conf/config.php:1) /data/home/qxu1650190128/htdocs/tel/ThinkPHP/Common/functions.php Á¨¨ 566 Ë°å.
NOTIC: Âª∫ËÆÆ‰ΩøÁî®IÊñπÊ≥ïÊõø‰ª£_get
NOTIC: [8] Undefined index:  keyword /data/home/qxu1650190128/htdocs/tel/home/Lib/Action/IndexAction.class.php Á¨¨ 10 Ë°å.
INFO: [ view_parse ] --START--
INFO: ParseTemplate Behavior ::run [ RunTime:0.009905s ]
INFO: [ view_parse ] --END-- [ RunTime:0.010000s ]
INFO: [ view_filter ] --START--
INFO: ContentReplace Behavior ::run [ RunTime:0.000499s ]
INFO: TokenBuild Behavior ::run [ RunTime:0.000408s ]
INFO: WriteHtmlCache Behavior ::run [ RunTime:0.000334s ]
INFO: ShowRuntime Behavior ::run [ RunTime:0.000492s ]
INFO: [ view_filter ] --END-- [ RunTime:0.001925s ]
NOTIC: [2] Cannot modify header information - headers already sent by (output started at /data/home/qxu1650190128/htdocs/tel/home/Conf/config.php:1) /data/home/qxu1650190128/htdocs/tel/ThinkPHP/Lib/Core/View.class.php Á¨¨ 95 Ë°å.
NOTIC: [2] Cannot modify header information - headers already sent by (output started at /data/home/qxu1650190128/htdocs/tel/home/Conf/config.php:1) /data/home/qxu1650190128/htdocs/tel/ThinkPHP/Lib/Core/View.class.php Á¨¨ 96 Ë°å.
NOTIC: [2] Cannot modify header information - headers already sent by (output started at /data/home/qxu1650190128/htdocs/tel/home/Conf/config.php:1) /data/home/qxu1650190128/htdocs/tel/ThinkPHP/Lib/Core/View.class.php Á¨¨ 97 Ë°å.
INFO: [ view_end ] --START--
INFO: ShowPageTrace Behavior ::run [ RunTime:0.000800s ]
INFO: [ view_end ] --END-- [ RunTime:0.000865s ]

